{"user_id":"53ce2734107e137846ba7673","raw_input":"hi","normalized_input":"hi","matched_gambit":[],"timestamp":"2017-07-26T16:20:13.927Z"}
{"user_id":"53ce2734107e137846ba7673","raw_input":"hay","normalized_input":"hay","matched_gambit":[{"topic":"greetings","input":"(hi|hello|greetings|hola|hay)","reply":"hello you","output":"hello you"}],"timestamp":"2017-07-26T16:31:13.788Z"}
{"user_id":"53ce2734107e137846ba7673","raw_input":"hello","normalized_input":"hello","matched_gambit":[{"topic":"greetings","input":"(hi|hello|greetings|hola|hay)","reply":"hello you","output":"hello you"}],"timestamp":"2017-07-26T16:44:10.370Z"}
{"user_id":"53ce2734107e137846ba7673","raw_input":"hi","normalized_input":"hi","matched_gambit":[{"topic":"greetings","input":"(hi|hello|greetings|hola|hay)","reply":"hello you","output":"hello you"}],"timestamp":"2017-07-26T16:47:09.353Z"}
{"user_id":"53ce2734107e137846ba7673","raw_input":"hello","normalized_input":"hello","matched_gambit":[{"topic":"greetings","input":"(hi|hello|greetings|hola|hay)","reply":"hello you","output":"hello you"}],"timestamp":"2017-07-26T16:49:59.611Z"}
{"user_id":"53ce2734107e137846ba7673","raw_input":"hi","normalized_input":"hi","matched_gambit":[{"topic":"greetings","input":"(hi|hello|greetings|hola|hay)","reply":"hello you","output":"hello you"}],"timestamp":"2017-07-26T16:53:32.524Z"}
{"user_id":"53ce2734107e137846ba7673","raw_input":"how","normalized_input":"how","matched_gambit":[],"timestamp":"2017-07-26T17:11:37.501Z"}
{"user_id":"53ce2734107e137846ba7673","raw_input":"@TABLEBOT ","normalized_input":"@TABLEBOT","matched_gambit":[],"timestamp":"2017-07-26T17:13:34.234Z"}
{"user_id":"53ce2734107e137846ba7673","raw_input":"hello","normalized_input":"hello","matched_gambit":[{"topic":"greetings","input":"(hi|hello|greetings|hola|hay)","reply":"hello you","output":"hello you"}],"timestamp":"2017-07-26T17:16:53.842Z"}
{"user_id":"53ce2734107e137846ba7673","raw_input":"whats up","normalized_input":"what is up","matched_gambit":[{"topic":"greetings","input":"whats up","reply":"waiting for something to do","output":"waiting for something to do"}],"timestamp":"2017-07-26T17:17:37.667Z"}
{"user_id":"53ce2734107e137846ba7673","raw_input":"greetings","normalized_input":"greetings","matched_gambit":[{"topic":"greetings","input":"(hi|hello|greetings|hola|hay)","reply":"hello you","output":"hello you"}],"timestamp":"2017-07-26T17:17:44.605Z"}
{"user_id":"53ce2734107e137846ba7673","raw_input":"hello","normalized_input":"hello","matched_gambit":[{"topic":"greetings","input":"(hi|hello|greetings|hola|hay)","reply":"hello you","output":"hello you"}],"timestamp":"2017-07-26T17:17:47.680Z"}
{"user_id":"53ce2734107e137846ba7673","raw_input":"hola","normalized_input":"hola","matched_gambit":[],"timestamp":"2017-07-26T20:46:25.865Z"}
{"user_id":"53ce2734107e137846ba7673","raw_input":"hola","normalized_input":"hola","matched_gambit":[],"timestamp":"2017-07-26T20:48:06.083Z"}
{"user_id":"53ce2734107e137846ba7673","raw_input":"hello","normalized_input":"hello","matched_gambit":[],"timestamp":"2017-07-26T20:48:44.702Z"}
{"user_id":"53ce2734107e137846ba7673","raw_input":"hello","normalized_input":"hello","matched_gambit":[],"timestamp":"2017-07-26T20:56:17.655Z"}
{"user_id":"53ce2734107e137846ba7673","raw_input":"hello @TABLEBOT ","normalized_input":"hello @TABLEBOT","matched_gambit":[{"topic":"greetings","input":"(hi|hello|greetings|hola|hay) @tablebot","reply":"what you need?","output":"what you need?"}],"timestamp":"2017-07-26T20:56:37.486Z"}
{"user_id":"53ce2734107e137846ba7673","raw_input":"hi @TABLEBOT ","normalized_input":"hi @TABLEBOT","matched_gambit":[{"topic":"greetings","input":"(hi|hello|greetings|hola|hay) @tablebot","reply":"yes hello","output":"yes hello"}],"timestamp":"2017-07-26T20:56:51.021Z"}
{"user_id":"53ce2734107e137846ba7673","raw_input":"hola @TABLEBOT ","normalized_input":"hola @TABLEBOT","matched_gambit":[],"timestamp":"2017-07-26T20:57:28.745Z"}
{"user_id":"53ce2734107e137846ba7673","raw_input":"hi @TABLEBOT ","normalized_input":"hi @TABLEBOT","matched_gambit":[],"timestamp":"2017-07-26T20:59:00.223Z"}
{"user_id":"53ce2734107e137846ba7673","raw_input":"hi @TABLEBOT ","normalized_input":"hi @TABLEBOT","matched_gambit":[{"topic":"random","input":"*","reply":"Sorry didn't get that","output":"Sorry didn't get that"}],"timestamp":"2017-07-26T21:00:56.710Z"}
{"user_id":"53ce2734107e137846ba7673","raw_input":"hello @TABLEBOT ","normalized_input":"hello @TABLEBOT","matched_gambit":[{"topic":"random","input":"*","reply":"no didn't get that","output":"no didn't get that"}],"timestamp":"2017-07-26T21:02:14.401Z"}
{"user_id":"53ce2734107e137846ba7673","raw_input":"hola @TABLEBOT ","normalized_input":"hola @TABLEBOT","matched_gambit":[{"topic":"random","input":"*","reply":"Sorry didn't get that","output":"Sorry didn't get that"}],"timestamp":"2017-07-26T21:03:11.162Z"}
{"user_id":"53ce2734107e137846ba7673","raw_input":"hello @TABLEBOT ","normalized_input":"hello @TABLEBOT","matched_gambit":[{"topic":"random","input":"*","reply":"Sorry didn't get that","output":"Sorry didn't get that"}],"timestamp":"2017-07-26T21:04:54.993Z"}
{"user_id":"53ce2734107e137846ba7673","raw_input":"hi @TABLEBOT ","normalized_input":"hi @TABLEBOT","matched_gambit":[{"topic":"greetings","input":"(hi|hello|greetings|hola|hay) [@]tablebot","reply":"yes hello","output":"yes hello"}],"timestamp":"2017-07-26T21:07:47.332Z"}
{"user_id":"53ce2734107e137846ba7673","raw_input":"@TABLEBOT help","normalized_input":"@TABLEBOT help","matched_gambit":[{"topic":"lost","input":"*","reply":"no didn't get that","output":"no didn't get that"}],"timestamp":"2017-07-26T21:24:12.657Z"}
{"user_id":"53ce2734107e137846ba7673","raw_input":"help","normalized_input":"help","matched_gambit":[{"topic":"lost","input":"*","reply":"Sorry didn't get that","output":"Sorry didn't get that"}],"timestamp":"2017-07-26T21:24:30.007Z"}
{"user_id":"53ce2734107e137846ba7673","raw_input":"@TABLEBOT help","normalized_input":"@TABLEBOT help","matched_gambit":[{"topic":"lost","input":"*","reply":"no didn't get that","output":"no didn't get that"}],"timestamp":"2017-07-26T21:26:02.330Z"}
{"user_id":"53ce2734107e137846ba7673","raw_input":"help","normalized_input":"help","matched_gambit":[{"topic":"lost","input":"*","reply":"Sorry didn't get that","output":"Sorry didn't get that"}],"timestamp":"2017-07-26T21:26:08.771Z"}
{"user_id":"53ce2734107e137846ba7673","raw_input":"tablet help","normalized_input":"tablet help","matched_gambit":[{"topic":"lost","input":"*","reply":"what?","output":"what?"}],"timestamp":"2017-07-26T21:26:13.946Z"}
{"user_id":"53ce2734107e137846ba7673","raw_input":"tablet help","normalized_input":"tablet help","matched_gambit":[],"timestamp":"2017-07-26T21:26:22.398Z"}
{"user_id":"53ce2734107e137846ba7673","raw_input":"tablebot help","normalized_input":"tablebot help","matched_gambit":[],"timestamp":"2017-07-26T21:26:37.962Z"}
{"user_id":"53ce2734107e137846ba7673","raw_input":"@TABLEBOT what is in chicken","normalized_input":"@TABLEBOT what is in chicken","matched_gambit":[],"timestamp":"2017-07-26T21:27:09.742Z"}
{"user_id":"53ce2734107e137846ba7673","raw_input":"@TABLEBOT help","normalized_input":"@TABLEBOT help","matched_gambit":[{"topic":"lost","input":"*","reply":"Sorry didn't get that","output":"Sorry didn't get that"}],"timestamp":"2017-07-26T21:27:39.777Z"}
{"user_id":"53ce2734107e137846ba7673","raw_input":"@TABLEBOT help me","normalized_input":"@TABLEBOT help me","matched_gambit":[{"topic":"lost","input":"*","reply":"Sorry didn't get that","output":"Sorry didn't get that"}],"timestamp":"2017-07-26T21:30:16.663Z"}
{"user_id":"53ce2734107e137846ba7673","raw_input":"@TABLEBOT help","normalized_input":"@TABLEBOT help","matched_gambit":[{"topic":"random","input":"*","reply":"no didn't get that","output":"no didn't get that"}],"timestamp":"2017-07-26T21:34:50.017Z"}
{"user_id":"53ce2734107e137846ba7673","raw_input":"help","normalized_input":"help","matched_gambit":[{"topic":"random","input":"*","reply":"no didn't get that","output":"no didn't get that"}],"timestamp":"2017-07-26T21:34:55.303Z"}
{"user_id":"53ce2734107e137846ba7673","raw_input":"tablebot help","normalized_input":"tablebot help","matched_gambit":[{"topic":"random","input":"*","reply":"what?","output":"what?"}],"timestamp":"2017-07-26T21:35:06.978Z"}
{"user_id":"53ce2734107e137846ba7673","raw_input":"@TABLEBOT help","normalized_input":"@TABLEBOT help","matched_gambit":[{"topic":"random","input":"*","reply":"Sorry didn't get that","output":"Sorry didn't get that"}],"timestamp":"2017-07-26T21:35:28.872Z"}
{"user_id":"53ce2734107e137846ba7673","raw_input":"hi @TABLEBOT ","normalized_input":"hi @TABLEBOT","matched_gambit":[{"topic":"random","input":"(hi|hello|greetings|hola|hay) @tablebot","reply":"what you need?","output":"what you need?"}],"timestamp":"2017-07-26T21:36:25.851Z"}
{"user_id":"53ce2734107e137846ba7673","raw_input":"hi @TABLEBOT ","normalized_input":"hi @TABLEBOT","matched_gambit":[{"topic":"random","input":"(hi|hello|greetings|hola|hay) @tablebot","reply":"hello you","output":"hello you"}],"timestamp":"2017-07-26T21:37:19.663Z"}
{"user_id":"53ce2734107e137846ba7673","raw_input":"@TABLEBOT help me","normalized_input":"@TABLEBOT help me","matched_gambit":[{"topic":"random","input":"*","reply":"what?","output":"what?"}],"timestamp":"2017-07-26T21:37:32.524Z"}
{"user_id":"53ce2734107e137846ba7673","raw_input":"@TABLEBOT help","normalized_input":"@TABLEBOT help","matched_gambit":[{"topic":"random","input":"*","reply":"Sorry didn't get that","output":"Sorry didn't get that"}],"timestamp":"2017-07-26T21:37:37.963Z"}
{"user_id":"53ce2734107e137846ba7673","raw_input":"@TABLEBOT what is in chicken","normalized_input":"@TABLEBOT what is in chicken","matched_gambit":[{"topic":"random","input":"@tablebot what is in *~4","reply":"chicken has no sugars, 11.11g of fats, so thats 187 calories","output":"chicken has no sugars, 11.11g of fats, so thats 187 calories"}],"timestamp":"2017-07-26T21:37:51.055Z"}
{"user_id":"53ce2734107e137846ba7673","raw_input":"@TABLEBOT help me","normalized_input":"@TABLEBOT help me","matched_gambit":[{"topic":"random","input":"*","reply":"Sorry didn't get that","output":"Sorry didn't get that"}],"timestamp":"2017-07-26T21:38:05.722Z"}
{"user_id":"53ce2734107e137846ba7673","raw_input":"@TABLEBOT help","normalized_input":"@TABLEBOT help","matched_gambit":[{"topic":"random","input":"*","reply":"Sorry didn't get that","output":"Sorry didn't get that"}],"timestamp":"2017-07-26T21:39:32.670Z"}
{"user_id":"53ce2734107e137846ba7673","raw_input":"@TABLEBOT what is in lemons","normalized_input":"@TABLEBOT what is in lemons","matched_gambit":[{"topic":"random","input":"@tablebot what is in *~4","reply":"lemons have 2.1g sugars, 0.25g of fats, so thats 24.36 calories","output":"lemons have 2.1g sugars, 0.25g of fats, so thats 24.36 calories"}],"timestamp":"2017-07-26T21:40:08.654Z"}
{"user_id":"53ce2734107e137846ba7673","raw_input":"@TABLEBOT help","normalized_input":"@TABLEBOT help","matched_gambit":[{"topic":"random","input":"*","reply":"Sorry didn't get that","output":"Sorry didn't get that"}],"timestamp":"2017-07-26T21:40:26.406Z"}
{"user_id":"53ce2734107e137846ba7673","raw_input":"@TABLEBOT help","normalized_input":"@TABLEBOT help","matched_gambit":[{"topic":"random","input":"*","reply":"no didn't get that","output":"no didn't get that"}],"timestamp":"2017-07-26T21:43:39.781Z"}
{"user_id":"53ce2734107e137846ba7673","raw_input":"@TABLEBOT info","normalized_input":"@TABLEBOT info","matched_gambit":[{"topic":"random","input":"*","reply":"no didn't get that","output":"no didn't get that"}],"timestamp":"2017-07-26T21:43:51.083Z"}
{"user_id":"53ce2734107e137846ba7673","raw_input":"@TABLEBOT help","normalized_input":"@TABLEBOT help","matched_gambit":[{"topic":"random","input":"*","reply":"what?","output":"what?"}],"timestamp":"2017-07-27T09:53:25.155Z"}
{"user_id":"53ce2734107e137846ba7673","raw_input":"help","normalized_input":"help","matched_gambit":[{"topic":"random","input":"*","reply":"Sorry, didn't get that","output":"Sorry, didn't get that"}],"timestamp":"2017-07-27T10:02:20.437Z"}
{"user_id":"53ce2734107e137846ba7673","raw_input":"what","normalized_input":"what","matched_gambit":[{"topic":"random","input":"*","reply":"Sorry, didn't get that","output":"Sorry, didn't get that"}],"timestamp":"2017-07-27T10:03:30.228Z"}
{"user_id":"53ce2734107e137846ba7673","raw_input":"what","normalized_input":"what","matched_gambit":[{"topic":"random","input":"*","reply":"Sorry, didn't get that","output":"Sorry, didn't get that"}],"timestamp":"2017-07-27T10:03:33.830Z"}
{"user_id":"53ce2734107e137846ba7673","raw_input":"hi","normalized_input":"hi","matched_gambit":[{"topic":"random","input":"*","reply":"Sorry, didn't get that","output":"Sorry, didn't get that"}],"timestamp":"2017-07-27T10:03:37.858Z"}
{"user_id":"53ce2734107e137846ba7673","raw_input":"hi @TABLEBOT ","normalized_input":"hi @TABLEBOT","matched_gambit":[{"topic":"random","input":"(hi|hello|greetings|hola|hay) @tablebot","reply":"hi again","output":"hi again"}],"timestamp":"2017-07-27T10:03:43.056Z"}
{"user_id":"53ce2734107e137846ba7673","raw_input":"help","normalized_input":"help","matched_gambit":[{"topic":"random","input":"*","reply":"Sorry, didn't get that","output":"Sorry, didn't get that"}],"timestamp":"2017-07-27T10:03:56.513Z"}
{"user_id":"53ce2734107e137846ba7673","raw_input":"help","normalized_input":"help","matched_gambit":[{"topic":"main","input":"*","reply":"Sorry, didn't get that","output":"Sorry, didn't get that"}],"timestamp":"2017-07-27T10:11:31.593Z"}
{"user_id":"53ce2734107e137846ba7673","raw_input":"help","normalized_input":"help","matched_gambit":[{"topic":"main","input":"*","reply":"no, didn't get that","output":"no, didn't get that"}],"timestamp":"2017-07-27T10:11:40.813Z"}
{"user_id":"53ce2734107e137846ba7673","raw_input":"help","normalized_input":"help","matched_gambit":[{"topic":"main","input":"*","reply":"no, didn't get that either","output":"no, didn't get that either"}],"timestamp":"2017-07-27T10:11:44.252Z"}
{"user_id":"53ce2734107e137846ba7673","raw_input":"help","normalized_input":"help","matched_gambit":[{"topic":"main","input":"*","reply":"ah!, this is rubbish I know - I didn't get that either","output":"ah!, this is rubbish I know - I didn't get that either"}],"timestamp":"2017-07-27T10:11:47.409Z"}
{"user_id":"53ce2734107e137846ba7673","raw_input":"help","normalized_input":"help","matched_gambit":[],"timestamp":"2017-07-27T10:11:51.081Z"}
{"user_id":"53ce2734107e137846ba7673","raw_input":"help","normalized_input":"help","matched_gambit":[],"timestamp":"2017-07-27T10:11:57.520Z"}
{"user_id":"53ce2734107e137846ba7673","raw_input":"hello @TABLEBOT ","normalized_input":"hello @TABLEBOT","matched_gambit":[{"topic":"main","input":"(hi|hello|greetings|hola|hay) [@]tablebot","reply":"hi again","output":"hi again"}],"timestamp":"2017-07-27T10:15:22.371Z"}
{"user_id":"53ce2734107e137846ba7673","raw_input":"help","normalized_input":"help","matched_gambit":[{"topic":"main","input":"help","reply":"I can do a one thing at the moment\nask me about a food for example @TABLEBOT what's in 'some food'","output":"I can do a one thing at the moment\nask me about a food for example @TABLEBOT what's in 'some food'"}],"timestamp":"2017-07-27T10:15:27.193Z"}
{"user_id":"53ce2734107e137846ba7673","raw_input":"@TABLEBOT what is in oatcakes","normalized_input":"@TABLEBOT what is in oatcakes","matched_gambit":[{"topic":"main","input":"*","reply":"Sorry, didn't get that","output":"Sorry, didn't get that"}],"timestamp":"2017-07-27T10:15:47.262Z"}
{"user_id":"53ce2734107e137846ba7673","raw_input":"@TABLEBOT what’s in oatcakes","normalized_input":"@TABLEBOT what is in oatcakes","matched_gambit":[{"topic":"main","input":"*","reply":"no, didn't get that","output":"no, didn't get that"}],"timestamp":"2017-07-27T10:16:27.988Z"}
{"user_id":"53ce2734107e137846ba7673","raw_input":"hi","normalized_input":"hi","matched_gambit":[{"topic":"main","input":"*","reply":"Sorry, didn't get that","output":"Sorry, didn't get that"}],"timestamp":"2017-07-27T10:18:00.673Z"}
{"user_id":"53ce2734107e137846ba7673","raw_input":"hay @TABLEBOT ","normalized_input":"hay @TABLEBOT","matched_gambit":[{"topic":"main","input":"(hi|hello|greetings|hola|hay) [@]tablebot","reply":"hi again","output":"hi again"}],"timestamp":"2017-07-27T10:18:11.644Z"}
{"user_id":"53ce2734107e137846ba7673","raw_input":"@TABLEBOT what is in oatcakes","normalized_input":"@TABLEBOT what is in oatcakes","matched_gambit":[{"topic":"main","input":"*","reply":"Sorry, didn't get that","output":"Sorry, didn't get that"}],"timestamp":"2017-07-27T10:18:47.074Z"}
{"user_id":"53ce2734107e137846ba7673","raw_input":"@TABLEBOT what’s in oatcakes","normalized_input":"@TABLEBOT what is in oatcakes","matched_gambit":[{"topic":"main","input":"*","reply":"Sorry, didn't get that","output":"Sorry, didn't get that"}],"timestamp":"2017-07-27T10:19:01.295Z"}
{"user_id":"53ce2734107e137846ba7673","raw_input":"@TABLEBOT what is in chickes","normalized_input":"@TABLEBOT what is in chickes","matched_gambit":[{"topic":"main","input":"*","reply":"Sorry, didn't get that","output":"Sorry, didn't get that"}],"timestamp":"2017-07-27T10:19:20.784Z"}
{"user_id":"53ce2734107e137846ba7673","raw_input":"help","normalized_input":"help","matched_gambit":[{"topic":"main","input":"help","reply":"I can do a one thing at the moment\nask me about a food for example @TABLEBOT what's in 'some food'","output":"I can do a one thing at the moment\nask me about a food for example @TABLEBOT what's in 'some food'"}],"timestamp":"2017-07-27T10:19:54.714Z"}
{"user_id":"53ce2734107e137846ba7673","raw_input":"hi","normalized_input":"hi","matched_gambit":[{"topic":"main","input":"(hi|hello|greetings|hola|hay) [@][tablebot]","reply":"yes hello","output":"yes hello"}],"timestamp":"2017-07-27T10:21:45.003Z"}
{"user_id":"53ce2734107e137846ba7673","raw_input":"hi","normalized_input":"hi","matched_gambit":[{"topic":"main","input":"(hi|hello|greetings|hola|hay) [@][tablebot]","reply":"how di do di","output":"how di do di"}],"timestamp":"2017-07-27T10:22:05.134Z"}
{"user_id":"53ce2734107e137846ba7673","raw_input":"hola","normalized_input":"hola","matched_gambit":[{"topic":"main","input":"(hi|hello|greetings|hola|hay) [@][tablebot]","reply":"how di do di","output":"how di do di"}],"timestamp":"2017-07-27T10:26:16.689Z"}
{"user_id":"53ce2734107e137846ba7673","raw_input":"hay","normalized_input":"hay","matched_gambit":[{"topic":"main","input":"(hi|hello|greetings|hola|hay) [@][tablebot]","reply":"hi again","output":"hi again"}],"timestamp":"2017-07-27T10:26:57.758Z"}
{"user_id":"53ce2734107e137846ba7673","raw_input":"hi @TABLEBOT ","normalized_input":"hi @TABLEBOT","matched_gambit":[{"topic":"main","input":"(hi|hello|greetings|hola|hay) [@][tablebot]","reply":"hello you","output":"hello you"}],"timestamp":"2017-07-27T10:29:32.661Z"}
{"user_id":"53ce2734107e137846ba7673","raw_input":"hola","normalized_input":"hola","matched_gambit":[{"topic":"main","input":"(hi|hello|greetings|hola|hay) [@][tablebot]","reply":"yes hi","output":"yes hi"}],"timestamp":"2017-07-27T10:36:37.081Z"}
{"user_id":"53ce2734107e137846ba7673","raw_input":"hello","normalized_input":"hello","matched_gambit":[{"topic":"main","input":"(hi|hello|greetings|hola|hay) [@][tablebot]","reply":"hi again","output":"hi again"}],"timestamp":"2017-07-27T10:38:07.268Z"}
{"user_id":"53ce2734107e137846ba7673","raw_input":"hello @TABLEBOT ","normalized_input":"hello @TABLEBOT","matched_gambit":[{"topic":"main","input":"(hi|hello|greetings|hola|hay) [@][tablebot]","reply":"hello you","output":"hello you"}],"timestamp":"2017-07-27T10:38:13.157Z"}
{"user_id":"53ce2734107e137846ba7673","raw_input":"hi @TABLEBOT ","normalized_input":"hi @TABLEBOT","matched_gambit":[{"topic":"main","input":"(hi|hello|greetings|hola|hay) [@][tablebot]","reply":"hi again","output":"hi again"}],"timestamp":"2017-07-27T10:38:47.119Z"}
{"user_id":"53ce2734107e137846ba7673","raw_input":"help","normalized_input":"help","matched_gambit":[{"topic":"main","input":"help","reply":"I can do a one thing at the moment\nask me about a food for example @TABLEBOT what's in 'some food'","output":"I can do a one thing at the moment\nask me about a food for example @TABLEBOT what's in 'some food'"}],"timestamp":"2017-07-27T10:48:18.149Z"}
{"user_id":"53ce2734107e137846ba7673","raw_input":"hello","normalized_input":"hello","matched_gambit":[{"topic":"main","input":"(hi|hello|greetings|hola|hay) [@tablebot]","reply":"hello you","output":"hello you"}],"timestamp":"2017-07-27T10:52:37.269Z"}
{"user_id":"53ce2734107e137846ba7673","raw_input":"hi","normalized_input":"hi","matched_gambit":[{"topic":"main","input":"(hi|hello|greetings|hola|hay) [@tablebot]","reply":"hello you","output":"hello you"}],"timestamp":"2017-07-27T10:54:13.553Z"}
{"user_id":"53ce2734107e137846ba7673","raw_input":"hello","normalized_input":"hello","matched_gambit":[{"topic":"main","input":"(hi|hello|greetings|hola|hay) [@tablebot]","reply":"yes hola","output":"yes hola"}],"timestamp":"2017-07-27T11:00:11.456Z"}
{"user_id":"53ce2734107e137846ba7673","raw_input":"hi @TABLEBOT ","normalized_input":"hi @TABLEBOT","matched_gambit":[{"topic":"main","input":"(hi|hello|greetings|hola|hay) [@tablebot]","reply":"hello you","output":"hello you"}],"timestamp":"2017-07-27T11:02:20.253Z"}
{"user_id":"53ce2734107e137846ba7673","raw_input":"hello @TABLEBOT ","normalized_input":"hello @TABLEBOT","matched_gambit":[{"topic":"main","input":"(hi|hello|greetings|hola|hay) [@tablebot]","reply":"hi again","output":"hi again"}],"timestamp":"2017-07-27T11:13:15.426Z"}
{"user_id":"53ce2734107e137846ba7673","raw_input":"hi","normalized_input":"hi","matched_gambit":[{"topic":"main","input":"(hi|hello|greetings|hola|hay) [@tablebot]","reply":"yes hi","output":"yes hi"}],"timestamp":"2017-07-27T11:14:38.539Z"}
{"user_id":"53ce2734107e137846ba7673","raw_input":"hola","normalized_input":"hola","matched_gambit":[{"topic":"main","input":"(hi|hello|greetings|hola|hay) [@tablebot]","reply":"hello you","output":"hello you"}],"timestamp":"2017-07-27T11:15:02.466Z"}
{"user_id":"53ce2734107e137846ba7673","raw_input":"hello","normalized_input":"hello","matched_gambit":[{"topic":"main","input":"(hi|hello|greetings|hola|hay) [@tablebot]","reply":"yes hi","output":"yes hi"}],"timestamp":"2017-07-27T11:22:33.187Z"}
{"user_id":"53ce2734107e137846ba7673","raw_input":"hi","normalized_input":"hi","matched_gambit":[{"topic":"main","input":"(hi|hello|greetings|hola|hay) [@tablebot]","reply":"how di do di","output":"how di do di"}],"timestamp":"2017-07-27T11:23:49.264Z"}
{"user_id":"53ce2734107e137846ba7673","raw_input":"hello","normalized_input":"hello","matched_gambit":[{"topic":"main","input":"(hi|hello|greetings|hola|hay) [@tablebot]","reply":"hello you","output":"hello you"}],"timestamp":"2017-07-27T11:25:41.832Z"}
{"user_id":"53ce2734107e137846ba7673","raw_input":"hi @TABLEBOT ","normalized_input":"hi @TABLEBOT","matched_gambit":[{"topic":"main","input":"(hi|hello|greetings|hola|hay) [@tablebot]","reply":"how doo","output":"how doo"}],"timestamp":"2017-07-27T11:37:05.245Z"}
{"user_id":"53ce2734107e137846ba7673","raw_input":"hola","normalized_input":"hola","matched_gambit":[{"topic":"main","input":"(hi|hello|greetings|hola|hay) [@tablebot]","reply":"hi again","output":"hi again"}],"timestamp":"2017-07-27T11:39:46.612Z"}
{"user_id":"53ce2734107e137846ba7673","raw_input":"hi","normalized_input":"hi","matched_gambit":[{"topic":"main","input":"(hi|hello|greetings|hola|hay) [@tablebot]","reply":"how di do di","output":"how di do di"}],"timestamp":"2017-07-27T11:49:06.129Z"}
{"user_id":"53ce2734107e137846ba7673","raw_input":"hello @TABLEBOT ","normalized_input":"hello @TABLEBOT","matched_gambit":[{"topic":"main","input":"(hi|hello|greetings|hola|hay) [@tablebot]","reply":"yes hola","output":"yes hola"}],"timestamp":"2017-07-27T12:36:35.954Z"}
{"user_id":"53ce2734107e137846ba7673","raw_input":"hi","normalized_input":"hi","matched_gambit":[{"topic":"main","input":"(hi|hello|greetings|hola|hay) [@tablebot]","reply":"hi again","output":"hi again"}],"timestamp":"2017-07-27T17:57:49.216Z"}
{"user_id":"53ce2734107e137846ba7673","raw_input":"@TABLEBOT hi","normalized_input":"@TABLEBOT hi","matched_gambit":[{"topic":"main","input":"*","reply":"Sorry, didn't get that","output":"Sorry, didn't get that"}],"timestamp":"2017-07-27T18:03:05.441Z"}
{"user_id":"53ce2734107e137846ba7673","raw_input":"hi","normalized_input":"hi","matched_gambit":[{"topic":"main","input":"(hi|hello|greetings|hola|hay) [@tablebot]","reply":"how di do di","output":"how di do di"}],"timestamp":"2017-07-27T18:18:31.702Z"}
{"user_id":"53ce2734107e137846ba7673","raw_input":"hi","normalized_input":"hi","matched_gambit":[{"topic":"main","input":"(hi|hello|greetings|hola|hay) [@tablebot]","reply":"how di do di","output":"how di do di"}],"timestamp":"2017-07-27T18:20:13.612Z"}
{"user_id":"53ce2734107e137846ba7673","raw_input":"how di do di","normalized_input":"how di do di","matched_gambit":[{"topic":"main","input":"*","reply":"Sorry, didn't get that","output":"Sorry, didn't get that"}],"timestamp":"2017-07-27T18:20:15.603Z"}
{"user_id":"53ce2734107e137846ba7673","raw_input":"Sorry, didn't get that","normalized_input":"Sorry did not get that","matched_gambit":[{"topic":"main","input":"*","reply":"Sorry, didn't get that","output":"Sorry, didn't get that"}],"timestamp":"2017-07-27T18:20:16.252Z"}
{"user_id":"53ce2734107e137846ba7673","raw_input":"Sorry, didn't get that","normalized_input":"Sorry did not get that","matched_gambit":[{"topic":"main","input":"*","reply":"Sorry, didn't get that","output":"Sorry, didn't get that"}],"timestamp":"2017-07-27T18:20:16.806Z"}
{"user_id":"53ce2734107e137846ba7673","raw_input":"Sorry, didn't get that","normalized_input":"Sorry did not get that","matched_gambit":[{"topic":"main","input":"*","reply":"Sorry, didn't get that","output":"Sorry, didn't get that"}],"timestamp":"2017-07-27T18:20:18.285Z"}
{"user_id":"53ce2734107e137846ba7673","raw_input":"Sorry, didn't get that","normalized_input":"Sorry did not get that","matched_gambit":[{"topic":"main","input":"*","reply":"Sorry, didn't get that","output":"Sorry, didn't get that"}],"timestamp":"2017-07-27T18:20:18.817Z"}
{"user_id":"53ce2734107e137846ba7673","raw_input":"Sorry, didn't get that","normalized_input":"Sorry did not get that","matched_gambit":[{"topic":"main","input":"*","reply":"Sorry, didn't get that","output":"Sorry, didn't get that"}],"timestamp":"2017-07-27T18:20:19.338Z"}
{"user_id":"53ce2734107e137846ba7673","raw_input":"Sorry, didn't get that","normalized_input":"Sorry did not get that","matched_gambit":[{"topic":"main","input":"*","reply":"Sorry, didn't get that","output":"Sorry, didn't get that"}],"timestamp":"2017-07-27T18:20:19.849Z"}
{"user_id":"53ce2734107e137846ba7673","raw_input":"Sorry, didn't get that","normalized_input":"Sorry did not get that","matched_gambit":[{"topic":"main","input":"*","reply":"Sorry, didn't get that","output":"Sorry, didn't get that"}],"timestamp":"2017-07-27T18:20:20.364Z"}
{"user_id":"53ce2734107e137846ba7673","raw_input":"Sorry, didn't get that","normalized_input":"Sorry did not get that","matched_gambit":[{"topic":"main","input":"*","reply":"Sorry, didn't get that","output":"Sorry, didn't get that"}],"timestamp":"2017-07-27T18:20:20.920Z"}
{"user_id":"53ce2734107e137846ba7673","raw_input":"Sorry, didn't get that","normalized_input":"Sorry did not get that","matched_gambit":[{"topic":"main","input":"*","reply":"Sorry, didn't get that","output":"Sorry, didn't get that"}],"timestamp":"2017-07-27T18:20:21.374Z"}
{"user_id":"53ce2734107e137846ba7673","raw_input":"Sorry, didn't get that","normalized_input":"Sorry did not get that","matched_gambit":[{"topic":"main","input":"*","reply":"Sorry, didn't get that","output":"Sorry, didn't get that"}],"timestamp":"2017-07-27T18:20:21.840Z"}
{"user_id":"53ce2734107e137846ba7673","raw_input":"Sorry, didn't get that","normalized_input":"Sorry did not get that","matched_gambit":[{"topic":"main","input":"*","reply":"Sorry, didn't get that","output":"Sorry, didn't get that"}],"timestamp":"2017-07-27T18:20:22.312Z"}
{"user_id":"53ce2734107e137846ba7673","raw_input":"Sorry, didn't get that","normalized_input":"Sorry did not get that","matched_gambit":[{"topic":"main","input":"*","reply":"Sorry, didn't get that","output":"Sorry, didn't get that"}],"timestamp":"2017-07-27T18:20:22.827Z"}
{"user_id":"53ce2734107e137846ba7673","raw_input":"Sorry, didn't get that","normalized_input":"Sorry did not get that","matched_gambit":[{"topic":"main","input":"*","reply":"Sorry, didn't get that","output":"Sorry, didn't get that"}],"timestamp":"2017-07-27T18:20:23.831Z"}
{"user_id":"53ce2734107e137846ba7673","raw_input":"Sorry, didn't get that","normalized_input":"Sorry did not get that","matched_gambit":[{"topic":"main","input":"*","reply":"Sorry, didn't get that","output":"Sorry, didn't get that"}],"timestamp":"2017-07-27T18:20:24.314Z"}
{"user_id":"53ce2734107e137846ba7673","raw_input":"Sorry, didn't get that","normalized_input":"Sorry did not get that","matched_gambit":[{"topic":"main","input":"*","reply":"Sorry, didn't get that","output":"Sorry, didn't get that"}],"timestamp":"2017-07-27T18:20:24.738Z"}
{"user_id":"53ce2734107e137846ba7673","raw_input":"Sorry, didn't get that","normalized_input":"Sorry did not get that","matched_gambit":[{"topic":"main","input":"*","reply":"Sorry, didn't get that","output":"Sorry, didn't get that"}],"timestamp":"2017-07-27T18:20:25.165Z"}
{"user_id":"53ce2734107e137846ba7673","raw_input":"Sorry, didn't get that","normalized_input":"Sorry did not get that","matched_gambit":[{"topic":"main","input":"*","reply":"Sorry, didn't get that","output":"Sorry, didn't get that"}],"timestamp":"2017-07-27T18:20:25.623Z"}
{"user_id":"53ce2734107e137846ba7673","raw_input":"Sorry, didn't get that","normalized_input":"Sorry did not get that","matched_gambit":[{"topic":"main","input":"*","reply":"Sorry, didn't get that","output":"Sorry, didn't get that"}],"timestamp":"2017-07-27T18:20:26.133Z"}
{"user_id":"53ce2734107e137846ba7673","raw_input":"Sorry, didn't get that","normalized_input":"Sorry did not get that","matched_gambit":[{"topic":"main","input":"*","reply":"Sorry, didn't get that","output":"Sorry, didn't get that"}],"timestamp":"2017-07-27T18:20:26.608Z"}
{"user_id":"53ce2734107e137846ba7673","raw_input":"Sorry, didn't get that","normalized_input":"Sorry did not get that","matched_gambit":[{"topic":"main","input":"*","reply":"Sorry, didn't get that","output":"Sorry, didn't get that"}],"timestamp":"2017-07-27T18:20:27.124Z"}
{"user_id":"53ce2734107e137846ba7673","raw_input":"Sorry, didn't get that","normalized_input":"Sorry did not get that","matched_gambit":[{"topic":"main","input":"*","reply":"Sorry, didn't get that","output":"Sorry, didn't get that"}],"timestamp":"2017-07-27T18:20:27.602Z"}
{"user_id":"53ce2734107e137846ba7673","raw_input":"Sorry, didn't get that","normalized_input":"Sorry did not get that","matched_gambit":[{"topic":"main","input":"*","reply":"Sorry, didn't get that","output":"Sorry, didn't get that"}],"timestamp":"2017-07-27T18:20:28.174Z"}
{"user_id":"53ce2734107e137846ba7673","raw_input":"hi","normalized_input":"hi","matched_gambit":[{"topic":"main","input":"(hi|hello|greetings|hola|hay) [@tablebot]","reply":"hi again","output":"hi again"}],"timestamp":"2017-07-27T18:43:26.633Z"}
{"user_id":"53ce2734107e137846ba7673","raw_input":"hello @TABLEBOT ","normalized_input":"hello @TABLEBOT","matched_gambit":[{"topic":"main","input":"(hi|hello|greetings|hola|hay) [@tablebot]","reply":"how di do di","output":"how di do di"}],"timestamp":"2017-07-27T18:58:44.489Z"}
{"user_id":"53ce2734107e137846ba7673","raw_input":"hi @TABLEBOT ","normalized_input":"hi @TABLEBOT","matched_gambit":[{"topic":"main","input":"(hi|hello|greetings|hola|hay) [@tablebot]","reply":"how di do di","output":"how di do di"}],"timestamp":"2017-07-27T19:01:23.703Z"}
{"user_id":"53ce2734107e137846ba7673","raw_input":"hi @TABLEBOT ","normalized_input":"hi @TABLEBOT","matched_gambit":[{"topic":"main","input":"(hi|hello|greetings|hola|hay) [@tablebot]","reply":"hi again","output":"hi again"}],"timestamp":"2017-07-28T10:39:32.576Z"}
{"user_id":"53ce2734107e137846ba7673","raw_input":"hola","normalized_input":"hola","matched_gambit":[{"topic":"main","input":"(hi|hello|greetings|hola|hay) [@tablebot]","reply":"hello you","output":"hello you"}],"timestamp":"2017-07-28T10:43:50.171Z"}
{"user_id":"53ce2734107e137846ba7673","raw_input":"test API POST msg as bmordan","normalized_input":"test API POST msg as bmordan","matched_gambit":[{"topic":"main","input":"*","reply":"Sorry, didn't get that","output":"Sorry, didn't get that"}],"timestamp":"2017-07-28T10:45:31.213Z"}
{"user_id":"53ce2734107e137846ba7673","raw_input":"hi","normalized_input":"hi","matched_gambit":[{"topic":"main","input":"(hi|hello|greetings|hola|hay) [@tablebot]","reply":"hello you","output":"hello you"}],"timestamp":"2017-07-28T17:39:44.259Z"}
{"user_id":"53ce2734107e137846ba7673","raw_input":"hola","normalized_input":"hola","matched_gambit":[{"topic":"main","input":"(hi|hello|greetings|hola|hay) [@tablebot]","reply":"yes hola","output":"yes hola"}],"timestamp":"2017-07-28T17:43:54.620Z"}
{"user_id":"53ce2734107e137846ba7673","raw_input":"hola","normalized_input":"hola","matched_gambit":[{"topic":"main","input":"(hi|hello|greetings|hola|hay) [@tablebot]","reply":"hello you","output":"hello you"}],"timestamp":"2017-07-28T17:48:19.897Z"}
{"user_id":"53ce2734107e137846ba7673","raw_input":"hello","normalized_input":"hello","matched_gambit":[{"topic":"main","input":"(hi|hello|greetings|hola|hay) [@tablebot]","reply":"hi again","output":"hi again"}],"timestamp":"2017-07-28T17:49:19.036Z"}
{"user_id":"53ce2734107e137846ba7673","raw_input":"hi @TABLEBOT ","normalized_input":"hi @TABLEBOT","matched_gambit":[{"topic":"main","input":"(hi|hello|greetings|hola|hay) [@tablebot]","reply":"how di do di","output":"how di do di"}],"timestamp":"2017-07-28T17:50:00.625Z"}
{"user_id":"53ce2734107e137846ba7673","raw_input":"what","normalized_input":"what","matched_gambit":[{"topic":"main","input":"*","reply":"Sorry, didn't get that","output":"Sorry, didn't get that"}],"timestamp":"2017-07-28T17:50:37.546Z"}
{"user_id":"53ce2734107e137846ba7673","raw_input":"hi","normalized_input":"hi","matched_gambit":[{"topic":"main","input":"(hi|hello|greetings|hola|hay) [@tablebot]","reply":"hi again","output":"hi again"}],"timestamp":"2017-07-28T17:53:06.081Z"}
{"user_id":"53ce2734107e137846ba7673","raw_input":"hi again","normalized_input":"hi again","matched_gambit":[{"topic":"main","input":"*","reply":"Sorry, didn't get that","output":"Sorry, didn't get that"}],"timestamp":"2017-07-28T17:53:07.958Z"}
{"user_id":"53ce2734107e137846ba7673","raw_input":"Sorry, didn't get that","normalized_input":"Sorry did not get that","matched_gambit":[{"topic":"main","input":"*","reply":"Sorry, didn't get that","output":"Sorry, didn't get that"}],"timestamp":"2017-07-28T17:53:08.455Z"}
{"user_id":"53ce2734107e137846ba7673","raw_input":"Sorry, didn't get that","normalized_input":"Sorry did not get that","matched_gambit":[{"topic":"main","input":"*","reply":"Sorry, didn't get that","output":"Sorry, didn't get that"}],"timestamp":"2017-07-28T17:53:09.089Z"}
{"user_id":"53ce2734107e137846ba7673","raw_input":"Sorry, didn't get that","normalized_input":"Sorry did not get that","matched_gambit":[{"topic":"main","input":"*","reply":"Sorry, didn't get that","output":"Sorry, didn't get that"}],"timestamp":"2017-07-28T17:53:09.626Z"}
{"user_id":"53ce2734107e137846ba7673","raw_input":"Sorry, didn't get that","normalized_input":"Sorry did not get that","matched_gambit":[{"topic":"main","input":"*","reply":"Sorry, didn't get that","output":"Sorry, didn't get that"}],"timestamp":"2017-07-28T17:53:10.145Z"}
{"user_id":"53ce2734107e137846ba7673","raw_input":"Sorry, didn't get that","normalized_input":"Sorry did not get that","matched_gambit":[{"topic":"main","input":"*","reply":"Sorry, didn't get that","output":"Sorry, didn't get that"}],"timestamp":"2017-07-28T17:53:10.663Z"}
{"user_id":"53ce2734107e137846ba7673","raw_input":"Sorry, didn't get that","normalized_input":"Sorry did not get that","matched_gambit":[{"topic":"main","input":"*","reply":"Sorry, didn't get that","output":"Sorry, didn't get that"}],"timestamp":"2017-07-28T17:53:11.155Z"}
{"user_id":"53ce2734107e137846ba7673","raw_input":"Sorry, didn't get that","normalized_input":"Sorry did not get that","matched_gambit":[{"topic":"main","input":"*","reply":"Sorry, didn't get that","output":"Sorry, didn't get that"}],"timestamp":"2017-07-28T17:53:11.645Z"}
{"user_id":"53ce2734107e137846ba7673","raw_input":"Sorry, didn't get that","normalized_input":"Sorry did not get that","matched_gambit":[{"topic":"main","input":"*","reply":"Sorry, didn't get that","output":"Sorry, didn't get that"}],"timestamp":"2017-07-28T17:53:12.129Z"}
{"user_id":"53ce2734107e137846ba7673","raw_input":"Sorry, didn't get that","normalized_input":"Sorry did not get that","matched_gambit":[{"topic":"main","input":"*","reply":"Sorry, didn't get that","output":"Sorry, didn't get that"}],"timestamp":"2017-07-28T17:53:12.598Z"}
{"user_id":"53ce2734107e137846ba7673","raw_input":"Sorry, didn't get that","normalized_input":"Sorry did not get that","matched_gambit":[{"topic":"main","input":"*","reply":"Sorry, didn't get that","output":"Sorry, didn't get that"}],"timestamp":"2017-07-28T17:53:13.122Z"}
{"user_id":"53ce2734107e137846ba7673","raw_input":"Sorry, didn't get that","normalized_input":"Sorry did not get that","matched_gambit":[{"topic":"main","input":"*","reply":"Sorry, didn't get that","output":"Sorry, didn't get that"}],"timestamp":"2017-07-28T17:53:13.619Z"}
{"user_id":"53ce2734107e137846ba7673","raw_input":"Sorry, didn't get that","normalized_input":"Sorry did not get that","matched_gambit":[{"topic":"main","input":"*","reply":"Sorry, didn't get that","output":"Sorry, didn't get that"}],"timestamp":"2017-07-28T17:53:14.120Z"}
{"user_id":"53ce2734107e137846ba7673","raw_input":"Sorry, didn't get that","normalized_input":"Sorry did not get that","matched_gambit":[{"topic":"main","input":"*","reply":"Sorry, didn't get that","output":"Sorry, didn't get that"}],"timestamp":"2017-07-28T17:53:14.560Z"}
{"user_id":"53ce2734107e137846ba7673","raw_input":"hi","normalized_input":"hi","matched_gambit":[{"topic":"main","input":"(hi|hello|greetings|hola|hay) [@tablebot]","reply":"hello you","output":"hello you"}],"timestamp":"2017-07-28T18:08:44.513Z"}
{"user_id":"53ce2734107e137846ba7673","raw_input":"help","normalized_input":"help","matched_gambit":[{"topic":"main","input":"help","reply":"I can do a one thing at the moment\nask me about a food for example @TABLEBOT what's in 'some food'","output":"I can do a one thing at the moment\nask me about a food for example @TABLEBOT what's in 'some food'"}],"timestamp":"2017-07-28T18:09:05.733Z"}
